0 info it worked if it ends with ok
1 verbose cli [ '/usr/local/bin/node',
1 verbose cli   '/usr/local/bin/npm',
1 verbose cli   'run',
1 verbose cli   'install',
1 verbose cli   'dcp_cdboundaries' ]
2 info using npm@3.8.5
3 info using node@v5.10.1
4 verbose run-script [ 'preinstall', 'install', 'postinstall' ]
5 info lifecycle data-loading-scripts@1.0.0~preinstall: data-loading-scripts@1.0.0
6 silly lifecycle data-loading-scripts@1.0.0~preinstall: no script for preinstall, continuing
7 info lifecycle data-loading-scripts@1.0.0~install: data-loading-scripts@1.0.0
8 verbose lifecycle data-loading-scripts@1.0.0~install: unsafe-perm in lifecycle true
9 verbose lifecycle data-loading-scripts@1.0.0~install: PATH: /usr/local/lib/node_modules/npm/bin/node-gyp-bin:/Users/chriswhong/Sites/data-loading-scripts/node_modules/.bin:/usr/local/bin:/usr/local/bin:/usr/bin:/bin:/usr/sbin:/sbin:/usr/local/share/npm/bin:/opt/X11/bin:/opt/ImageMagick/bin:/Library/Frameworks/GDAL.framework/Programs:/usr/local/lib/ruby/gems/1.9.1/gems/jekyll-2.5.3/bin
10 verbose lifecycle data-loading-scripts@1.0.0~install: CWD: /Users/chriswhong/Sites/data-loading-scripts
11 silly lifecycle data-loading-scripts@1.0.0~install: Args: [ '-c', 'node get.js && node push.js "dcp_cdboundaries"' ]
12 silly lifecycle data-loading-scripts@1.0.0~install: Returned: code: 1  signal: null
13 info lifecycle data-loading-scripts@1.0.0~install: Failed to exec install script
14 verbose stack Error: data-loading-scripts@1.0.0 install: `node get.js && node push.js "dcp_cdboundaries"`
14 verbose stack Exit status 1
14 verbose stack     at EventEmitter.<anonymous> (/usr/local/lib/node_modules/npm/lib/utils/lifecycle.js:239:16)
14 verbose stack     at emitTwo (events.js:100:13)
14 verbose stack     at EventEmitter.emit (events.js:185:7)
14 verbose stack     at ChildProcess.<anonymous> (/usr/local/lib/node_modules/npm/lib/utils/spawn.js:24:14)
14 verbose stack     at emitTwo (events.js:100:13)
14 verbose stack     at ChildProcess.emit (events.js:185:7)
14 verbose stack     at maybeClose (internal/child_process.js:850:16)
14 verbose stack     at Process.ChildProcess._handle.onexit (internal/child_process.js:215:5)
15 verbose pkgid data-loading-scripts@1.0.0
16 verbose cwd /Users/chriswhong/Sites/data-loading-scripts
17 error Darwin 15.4.0
18 error argv "/usr/local/bin/node" "/usr/local/bin/npm" "run" "install" "dcp_cdboundaries"
19 error node v5.10.1
20 error npm  v3.8.5
21 error code ELIFECYCLE
22 error data-loading-scripts@1.0.0 install: `node get.js && node push.js "dcp_cdboundaries"`
22 error Exit status 1
23 error Failed at the data-loading-scripts@1.0.0 install script 'node get.js && node push.js "dcp_cdboundaries"'.
23 error Make sure you have the latest version of node.js and npm installed.
23 error If you do, this is most likely a problem with the data-loading-scripts package,
23 error not with npm itself.
23 error Tell the author that this fails on your system:
23 error     node get.js && node push.js "dcp_cdboundaries"
23 error You can get information on how to open an issue for this project with:
23 error     npm bugs data-loading-scripts
23 error Or if that isn't available, you can get their info via:
23 error     npm owner ls data-loading-scripts
23 error There is likely additional logging output above.
24 verbose exit [ 1, true ]
